<?xml version="1.0" encoding="UTF-8"?>
<!-- Generated by org.testng.reporters.JUnitReportReporter -->
<testsuite skipped="0" hostname="DESKTOP-JQ0LRFT" name="testRun.BaseTest" tests="1" failures="0" timestamp="2019-11-23T20:08:06 EST" time="15.437" errors="0">
  <testcase name="signIn" time="15.437" classname="testRun.BaseTest"/>
</testsuite> <!-- testRun.BaseTest -->
